<?xml version="1.0" encoding="UTF-8"?>
<testng-results ignored="0" total="1" passed="1" failed="0" skipped="0">
  <reporter-output>
  </reporter-output>
  <suite started-at="2024-03-10T13:44:48 IST" name="Default suite" finished-at="2024-03-10T13:44:48 IST" duration-ms="84">
    <groups>
    </groups>
    <test started-at="2024-03-10T13:44:48 IST" name="Default test" finished-at="2024-03-10T13:44:48 IST" duration-ms="84">
      <class name="PankajPackage.Test1">
        <test-method signature="b()[pri:0, instance:PankajPackage.Test1@d29f28]" started-at="2024-03-10T13:44:48 IST" name="b" finished-at="2024-03-10T13:44:48 IST" duration-ms="15" status="PASS">
          <reporter-output>
          </reporter-output>
        </test-method> <!-- b -->
      </class> <!-- PankajPackage.Test1 -->
    </test> <!-- Default test -->
  </suite> <!-- Default suite -->
</testng-results>
